{"/Users/tianyong/Documents/works/workspace/tianyong/Ultraman/ultraman-magic-book/src/App.jsx": {"path":"/Users/tianyong/Documents/works/workspace/tianyong/Ultraman/ultraman-magic-book/src/App.jsx","statementMap":{"0":{"start":{"line":22,"column":4},"end":{"line":23,"column":20}},"1":{"start":{"line":25,"column":8},"end":{"line":26,"column":null}},"2":{"start":{"line":26,"column":4},"end":{"line":26,"column":null}},"3":{"start":{"line":26,"column":31},"end":{"line":26,"column":58}},"4":{"start":{"line":29,"column":8},"end":{"line":30,"column":null}},"5":{"start":{"line":30,"column":4},"end":{"line":30,"column":null}},"6":{"start":{"line":30,"column":23},"end":{"line":30,"column":29}},"7":{"start":{"line":33,"column":2},"end":{"line":34,"column":null}},"8":{"start":{"line":34,"column":4},"end":{"line":34,"column":null}},"9":{"start":{"line":34,"column":37},"end":{"line":34,"column":53}},"10":{"start":{"line":37,"column":2},"end":{"line":67,"column":null}}},"fnMap":{"0":{"name":"App","decl":{"start":{"line":5,"column":9},"end":{"line":5,"column":15}},"loc":{"start":{"line":5,"column":15},"end":{"line":67,"column":null}},"line":5},"1":{"name":"(anonymous_1)","decl":{"start":{"line":25,"column":8},"end":{"line":25,"column":28}},"loc":{"start":{"line":25,"column":39},"end":{"line":26,"column":null}},"line":25},"2":{"name":"(anonymous_2)","decl":{"start":{"line":26,"column":4},"end":{"line":26,"column":22}},"loc":{"start":{"line":26,"column":31},"end":{"line":26,"column":58}},"line":26},"3":{"name":"(anonymous_3)","decl":{"start":{"line":29,"column":8},"end":{"line":29,"column":34}},"loc":{"start":{"line":29,"column":34},"end":{"line":30,"column":null}},"line":29},"4":{"name":"(anonymous_4)","decl":{"start":{"line":30,"column":4},"end":{"line":30,"column":15}},"loc":{"start":{"line":30,"column":23},"end":{"line":30,"column":29}},"line":30},"5":{"name":"(anonymous_5)","decl":{"start":{"line":34,"column":22},"end":{"line":34,"column":37}},"loc":{"start":{"line":34,"column":37},"end":{"line":34,"column":53}},"line":34}},"branchMap":{"0":{"loc":{"start":{"line":33,"column":2},"end":{"line":34,"column":null}},"type":"if","locations":[{"start":{"line":33,"column":2},"end":{"line":34,"column":null}},{"start":{},"end":{}}],"line":33},"1":{"loc":{"start":{"line":40,"column":9},"end":{"line":40,"column":null}},"type":"cond-expr","locations":[{"start":{"line":40,"column":19},"end":{"line":40,"column":26}},{"start":{"line":40,"column":26},"end":{"line":40,"column":null}}],"line":40},"2":{"loc":{"start":{"line":44,"column":45},"end":{"line":44,"column":null}},"type":"cond-expr","locations":[{"start":{"line":44,"column":58},"end":{"line":44,"column":71}},{"start":{"line":44,"column":71},"end":{"line":44,"column":null}}],"line":44}},"s":{"0":78,"1":78,"2":0,"3":0,"4":78,"5":3,"6":3,"7":78,"8":35,"9":32,"10":43},"f":{"0":78,"1":0,"2":0,"3":3,"4":3,"5":32},"b":{"0":[35,43],"1":[41,2],"2":[0,43]},"meta":{"lastBranch":3,"lastFunction":6,"lastStatement":11,"seen":{"f:5:9:5:15":0,"s:22:4:23:20":0,"s:25:8:26:Infinity":1,"f:25:8:25:28":1,"s:26:4:26:Infinity":2,"f:26:4:26:22":2,"s:26:31:26:58":3,"s:29:8:30:Infinity":4,"f:29:8:29:34":3,"s:30:4:30:Infinity":5,"f:30:4:30:15":4,"s:30:23:30:29":6,"b:33:2:34:Infinity:undefined:undefined:undefined:undefined":0,"s:33:2:34:Infinity":7,"s:34:4:34:Infinity":8,"f:34:22:34:37":5,"s:34:37:34:53":9,"s:37:2:67:Infinity":10,"b:40:19:40:26:40:26:40:Infinity":1,"b:44:58:44:71:44:71:44:Infinity":2}}}
,"/Users/tianyong/Documents/works/workspace/tianyong/Ultraman/ultraman-magic-book/src/index.css": {"path":"/Users/tianyong/Documents/works/workspace/tianyong/Ultraman/ultraman-magic-book/src/index.css","statementMap":{},"fnMap":{},"branchMap":{},"s":{},"f":{},"b":{},"meta":{"lastBranch":0,"lastFunction":0,"lastStatement":0,"seen":{}}}
,"/Users/tianyong/Documents/works/workspace/tianyong/Ultraman/ultraman-magic-book/src/components/BookCover.jsx": {"path":"/Users/tianyong/Documents/works/workspace/tianyong/Ultraman/ultraman-magic-book/src/components/BookCover.jsx","statementMap":{"0":{"start":{"line":3,"column":13},"end":{"line":18,"column":null}},"1":{"start":{"line":4,"column":2},"end":{"line":18,"column":null}}},"fnMap":{"0":{"name":"BookCover","decl":{"start":{"line":3,"column":39},"end":{"line":3,"column":49}},"loc":{"start":{"line":3,"column":62},"end":{"line":18,"column":null}},"line":3}},"branchMap":{},"s":{"0":1,"1":35},"f":{"0":35},"b":{},"meta":{"lastBranch":0,"lastFunction":1,"lastStatement":2,"seen":{"s:3:13:18:Infinity":0,"f:3:39:3:49":0,"s:4:2:18:Infinity":1}}}
,"/Users/tianyong/Documents/works/workspace/tianyong/Ultraman/ultraman-magic-book/src/components/Navigation.jsx": {"path":"/Users/tianyong/Documents/works/workspace/tianyong/Ultraman/ultraman-magic-book/src/components/Navigation.jsx","statementMap":{"0":{"start":{"line":3,"column":13},"end":{"line":16,"column":null}},"1":{"start":{"line":4,"column":22},"end":{"line":4,"column":null}},"2":{"start":{"line":5,"column":21},"end":{"line":5,"column":null}},"3":{"start":{"line":7,"column":2},"end":{"line":16,"column":null}}},"fnMap":{"0":{"name":"Navigation","decl":{"start":{"line":3,"column":40},"end":{"line":3,"column":51}},"loc":{"start":{"line":3,"column":96},"end":{"line":16,"column":null}},"line":3}},"branchMap":{},"s":{"0":1,"1":32,"2":32,"3":32},"f":{"0":32},"b":{},"meta":{"lastBranch":0,"lastFunction":1,"lastStatement":4,"seen":{"s:3:13:16:Infinity":0,"f:3:40:3:51":0,"s:4:22:4:Infinity":1,"s:5:21:5:Infinity":2,"s:7:2:16:Infinity":3}}}
,"/Users/tianyong/Documents/works/workspace/tianyong/Ultraman/ultraman-magic-book/src/components/PageLeft.jsx": {"path":"/Users/tianyong/Documents/works/workspace/tianyong/Ultraman/ultraman-magic-book/src/components/PageLeft.jsx","statementMap":{"0":{"start":{"line":3,"column":13},"end":{"line":20,"column":null}},"1":{"start":{"line":4,"column":2},"end":{"line":20,"column":null}},"2":{"start":{"line":11,"column":25},"end":{"line":11,"column":null}}},"fnMap":{"0":{"name":"PageLeft","decl":{"start":{"line":3,"column":38},"end":{"line":3,"column":47}},"loc":{"start":{"line":3,"column":86},"end":{"line":20,"column":null}},"line":3},"1":{"name":"(anonymous_1)","decl":{"start":{"line":11,"column":10},"end":{"line":11,"column":25}},"loc":{"start":{"line":11,"column":25},"end":{"line":11,"column":null}},"line":11}},"branchMap":{"0":{"loc":{"start":{"line":6,"column":7},"end":{"line":13,"column":null}},"type":"cond-expr","locations":[{"start":{"line":7,"column":8},"end":{"line":13,"column":null}},{"start":{"line":13,"column":10},"end":{"line":13,"column":null}}],"line":6},"1":{"loc":{"start":{"line":6,"column":7},"end":{"line":6,"column":null}},"type":"binary-expr","locations":[{"start":{"line":6,"column":7},"end":{"line":6,"column":24}},{"start":{"line":6,"column":24},"end":{"line":6,"column":null}}],"line":6},"2":{"loc":{"start":{"line":16,"column":17},"end":{"line":16,"column":null}},"type":"cond-expr","locations":[{"start":{"line":16,"column":64},"end":{"line":16,"column":73}},{"start":{"line":16,"column":73},"end":{"line":16,"column":null}}],"line":16},"3":{"loc":{"start":{"line":16,"column":17},"end":{"line":16,"column":64}},"type":"binary-expr","locations":[{"start":{"line":16,"column":17},"end":{"line":16,"column":35}},{"start":{"line":16,"column":35},"end":{"line":16,"column":64}}],"line":16}},"s":{"0":1,"1":43,"2":0},"f":{"0":43,"1":0},"b":{"0":[43,0],"1":[43,43],"2":[0,43],"3":[43,43]},"meta":{"lastBranch":4,"lastFunction":2,"lastStatement":3,"seen":{"s:3:13:20:Infinity":0,"f:3:38:3:47":0,"s:4:2:20:Infinity":1,"b:7:8:13:Infinity:13:10:13:Infinity":0,"b:6:7:6:24:6:24:6:Infinity":1,"f:11:10:11:25":1,"s:11:25:11:Infinity":2,"b:16:64:16:73:16:73:16:Infinity":2,"b:16:17:16:35:16:35:16:64":3}}}
,"/Users/tianyong/Documents/works/workspace/tianyong/Ultraman/ultraman-magic-book/src/components/UltramanInfo.jsx": {"path":"/Users/tianyong/Documents/works/workspace/tianyong/Ultraman/ultraman-magic-book/src/components/UltramanInfo.jsx","statementMap":{"0":{"start":{"line":4,"column":6},"end":{"line":22,"column":null}},"1":{"start":{"line":5,"column":2},"end":{"line":20,"column":null}},"2":{"start":{"line":11,"column":12},"end":{"line":13,"column":null}},"3":{"start":{"line":24,"column":13},"end":{"line":49,"column":null}},"4":{"start":{"line":25,"column":2},"end":{"line":49,"column":null}},"5":{"start":{"line":32,"column":10},"end":{"line":38,"column":null}},"6":{"start":{"line":35,"column":27},"end":{"line":35,"column":44}},"7":{"start":{"line":48,"column":56},"end":{"line":48,"column":86}}},"fnMap":{"0":{"name":"TabContent","decl":{"start":{"line":4,"column":33},"end":{"line":4,"column":44}},"loc":{"start":{"line":4,"column":68},"end":{"line":22,"column":null}},"line":4},"1":{"name":"(anonymous_1)","decl":{"start":{"line":10,"column":52},"end":{"line":10,"column":57}},"loc":{"start":{"line":11,"column":12},"end":{"line":13,"column":null}},"line":11},"2":{"name":"UltramanInfo","decl":{"start":{"line":24,"column":42},"end":{"line":24,"column":55}},"loc":{"start":{"line":24,"column":133},"end":{"line":49,"column":null}},"line":24},"3":{"name":"(anonymous_3)","decl":{"start":{"line":31,"column":20},"end":{"line":31,"column":25}},"loc":{"start":{"line":32,"column":10},"end":{"line":38,"column":null}},"line":32},"4":{"name":"(anonymous_4)","decl":{"start":{"line":35,"column":12},"end":{"line":35,"column":27}},"loc":{"start":{"line":35,"column":27},"end":{"line":35,"column":44}},"line":35},"5":{"name":"(anonymous_5)","decl":{"start":{"line":48,"column":41},"end":{"line":48,"column":56}},"loc":{"start":{"line":48,"column":56},"end":{"line":48,"column":86}},"line":48}},"branchMap":{"0":{"loc":{"start":{"line":7,"column":7},"end":{"line":7,"column":null}},"type":"binary-expr","locations":[{"start":{"line":7,"column":7},"end":{"line":7,"column":26}},{"start":{"line":7,"column":26},"end":{"line":7,"column":null}}],"line":7},"1":{"loc":{"start":{"line":8,"column":7},"end":{"line":15,"column":null}},"type":"binary-expr","locations":[{"start":{"line":8,"column":7},"end":{"line":8,"column":null}},{"start":{"line":9,"column":8},"end":{"line":15,"column":null}}],"line":8},"2":{"loc":{"start":{"line":10,"column":11},"end":{"line":14,"column":null}},"type":"cond-expr","locations":[{"start":{"line":10,"column":38},"end":{"line":13,"column":null}},{"start":{"line":14,"column":15},"end":{"line":14,"column":null}}],"line":10},"3":{"loc":{"start":{"line":11,"column":57},"end":{"line":11,"column":null}},"type":"cond-expr","locations":[{"start":{"line":11,"column":77},"end":{"line":11,"column":88}},{"start":{"line":11,"column":88},"end":{"line":11,"column":null}}],"line":11},"4":{"loc":{"start":{"line":17,"column":7},"end":{"line":17,"column":null}},"type":"binary-expr","locations":[{"start":{"line":17,"column":7},"end":{"line":17,"column":26}},{"start":{"line":17,"column":26},"end":{"line":17,"column":null}}],"line":17},"5":{"loc":{"start":{"line":17,"column":52},"end":{"line":17,"column":92}},"type":"binary-expr","locations":[{"start":{"line":17,"column":52},"end":{"line":17,"column":76}},{"start":{"line":17,"column":80},"end":{"line":17,"column":92}}],"line":17},"6":{"loc":{"start":{"line":18,"column":7},"end":{"line":18,"column":null}},"type":"binary-expr","locations":[{"start":{"line":18,"column":7},"end":{"line":18,"column":26}},{"start":{"line":18,"column":26},"end":{"line":18,"column":null}}],"line":18},"7":{"loc":{"start":{"line":18,"column":52},"end":{"line":18,"column":79}},"type":"binary-expr","locations":[{"start":{"line":18,"column":52},"end":{"line":18,"column":69}},{"start":{"line":18,"column":69},"end":{"line":18,"column":79}}],"line":18},"8":{"loc":{"start":{"line":19,"column":7},"end":{"line":19,"column":null}},"type":"binary-expr","locations":[{"start":{"line":19,"column":7},"end":{"line":19,"column":26}},{"start":{"line":19,"column":26},"end":{"line":19,"column":null}}],"line":19},"9":{"loc":{"start":{"line":34,"column":35},"end":{"line":34,"column":null}},"type":"cond-expr","locations":[{"start":{"line":34,"column":55},"end":{"line":34,"column":66}},{"start":{"line":34,"column":66},"end":{"line":34,"column":null}}],"line":34},"10":{"loc":{"start":{"line":49,"column":13},"end":{"line":49,"column":null}},"type":"binary-expr","locations":[{"start":{"line":49,"column":13},"end":{"line":49,"column":34}},{"start":{"line":49,"column":34},"end":{"line":49,"column":null}}],"line":49}},"s":{"0":1,"1":40,"2":0,"3":1,"4":43,"5":215,"6":8,"7":0},"f":{"0":40,"1":0,"2":43,"3":215,"4":8,"5":0},"b":{"0":[40,32],"1":[40,3],"2":[0,3],"3":[0,0],"4":[40,2],"5":[2,2],"6":[40,1],"7":[1,0],"8":[40,2],"9":[43,172],"10":[43,43]},"meta":{"lastBranch":11,"lastFunction":6,"lastStatement":8,"seen":{"s:4:6:22:Infinity":0,"f:4:33:4:44":0,"s:5:2:20:Infinity":1,"b:7:7:7:26:7:26:7:Infinity":0,"b:8:7:8:Infinity:9:8:15:Infinity":1,"b:10:38:13:Infinity:14:15:14:Infinity":2,"f:10:52:10:57":1,"s:11:12:13:Infinity":2,"b:11:77:11:88:11:88:11:Infinity":3,"b:17:7:17:26:17:26:17:Infinity":4,"b:17:52:17:76:17:80:17:92":5,"b:18:7:18:26:18:26:18:Infinity":6,"b:18:52:18:69:18:69:18:79":7,"b:19:7:19:26:19:26:19:Infinity":8,"s:24:13:49:Infinity":3,"f:24:42:24:55":2,"s:25:2:49:Infinity":4,"f:31:20:31:25":3,"s:32:10:38:Infinity":5,"b:34:55:34:66:34:66:34:Infinity":9,"f:35:12:35:27":4,"s:35:27:35:44":6,"f:48:41:48:56":5,"s:48:56:48:86":7,"b:49:13:49:34:49:34:49:Infinity":10}}}
,"/Users/tianyong/Documents/works/workspace/tianyong/Ultraman/ultraman-magic-book/src/components/index.js": {"path":"/Users/tianyong/Documents/works/workspace/tianyong/Ultraman/ultraman-magic-book/src/components/index.js","statementMap":{},"fnMap":{},"branchMap":{},"s":{},"f":{},"b":{},"meta":{"lastBranch":0,"lastFunction":0,"lastStatement":0,"seen":{}}}
,"/Users/tianyong/Documents/works/workspace/tianyong/Ultraman/ultraman-magic-book/src/data/ultraman.js": {"path":"/Users/tianyong/Documents/works/workspace/tianyong/Ultraman/ultraman-magic-book/src/data/ultraman.js","statementMap":{"0":{"start":{"line":1,"column":28},"end":{"line":33,"column":null}},"1":{"start":{"line":35,"column":26},"end":{"line":35,"column":null}},"2":{"start":{"line":37,"column":26},"end":{"line":37,"column":null}}},"fnMap":{},"branchMap":{},"s":{"0":1,"1":1,"2":1},"f":{},"b":{},"meta":{"lastBranch":0,"lastFunction":0,"lastStatement":3,"seen":{"s:1:28:33:Infinity":0,"s:35:26:35:Infinity":1,"s:37:26:37:Infinity":2}}}
,"/Users/tianyong/Documents/works/workspace/tianyong/Ultraman/ultraman-magic-book/src/hooks/useMagicBook.js": {"path":"/Users/tianyong/Documents/works/workspace/tianyong/Ultraman/ultraman-magic-book/src/hooks/useMagicBook.js","statementMap":{"0":{"start":{"line":5,"column":18},"end":{"line":5,"column":47}},"1":{"start":{"line":6,"column":22},"end":{"line":6,"column":51}},"2":{"start":{"line":7,"column":20},"end":{"line":7,"column":47}},"3":{"start":{"line":8,"column":21},"end":{"line":8,"column":49}},"4":{"start":{"line":9,"column":18},"end":{"line":9,"column":46}},"5":{"start":{"line":10,"column":21},"end":{"line":10,"column":53}},"6":{"start":{"line":11,"column":25},"end":{"line":11,"column":58}},"7":{"start":{"line":13,"column":18},"end":{"line":13,"column":null}},"8":{"start":{"line":15,"column":2},"end":{"line":20,"column":null}},"9":{"start":{"line":16,"column":16},"end":{"line":16,"column":27}},"10":{"start":{"line":17,"column":4},"end":{"line":17,"column":null}},"11":{"start":{"line":17,"column":23},"end":{"line":17,"column":83}},"12":{"start":{"line":17,"column":50},"end":{"line":17,"column":83}},"13":{"start":{"line":18,"column":4},"end":{"line":18,"column":null}},"14":{"start":{"line":18,"column":24},"end":{"line":18,"column":83}},"15":{"start":{"line":18,"column":51},"end":{"line":18,"column":83}},"16":{"start":{"line":19,"column":4},"end":{"line":19,"column":null}},"17":{"start":{"line":22,"column":8},"end":{"line":35,"column":31}},"18":{"start":{"line":23,"column":4},"end":{"line":33,"column":null}},"19":{"start":{"line":24,"column":6},"end":{"line":24,"column":null}},"20":{"start":{"line":25,"column":24},"end":{"line":25,"column":61}},"21":{"start":{"line":26,"column":6},"end":{"line":26,"column":null}},"22":{"start":{"line":27,"column":6},"end":{"line":33,"column":null}},"23":{"start":{"line":28,"column":8},"end":{"line":28,"column":null}},"24":{"start":{"line":29,"column":8},"end":{"line":29,"column":null}},"25":{"start":{"line":29,"column":28},"end":{"line":29,"column":34}},"26":{"start":{"line":30,"column":8},"end":{"line":30,"column":null}},"27":{"start":{"line":31,"column":8},"end":{"line":31,"column":null}},"28":{"start":{"line":32,"column":8},"end":{"line":32,"column":null}},"29":{"start":{"line":37,"column":8},"end":{"line":50,"column":31}},"30":{"start":{"line":38,"column":4},"end":{"line":48,"column":null}},"31":{"start":{"line":39,"column":6},"end":{"line":39,"column":null}},"32":{"start":{"line":40,"column":23},"end":{"line":40,"column":59}},"33":{"start":{"line":41,"column":6},"end":{"line":41,"column":null}},"34":{"start":{"line":42,"column":6},"end":{"line":48,"column":null}},"35":{"start":{"line":43,"column":8},"end":{"line":43,"column":null}},"36":{"start":{"line":44,"column":8},"end":{"line":44,"column":null}},"37":{"start":{"line":44,"column":28},"end":{"line":44,"column":34}},"38":{"start":{"line":45,"column":8},"end":{"line":45,"column":null}},"39":{"start":{"line":46,"column":8},"end":{"line":46,"column":null}},"40":{"start":{"line":47,"column":8},"end":{"line":47,"column":null}},"41":{"start":{"line":52,"column":8},"end":{"line":57,"column":15}},"42":{"start":{"line":53,"column":4},"end":{"line":55,"column":null}},"43":{"start":{"line":54,"column":20},"end":{"line":54,"column":55}},"44":{"start":{"line":55,"column":6},"end":{"line":55,"column":null}},"45":{"start":{"line":59,"column":8},"end":{"line":61,"column":8}},"46":{"start":{"line":60,"column":4},"end":{"line":60,"column":null}},"47":{"start":{"line":60,"column":23},"end":{"line":60,"column":29}},"48":{"start":{"line":63,"column":2},"end":{"line":82,"column":null}}},"fnMap":{"0":{"name":"useMagicBook","decl":{"start":{"line":4,"column":16},"end":{"line":4,"column":31}},"loc":{"start":{"line":4,"column":31},"end":{"line":82,"column":null}},"line":4},"1":{"name":"(anonymous_1)","decl":{"start":{"line":15,"column":2},"end":{"line":15,"column":18}},"loc":{"start":{"line":15,"column":18},"end":{"line":20,"column":6}},"line":15},"2":{"name":"(anonymous_2)","decl":{"start":{"line":17,"column":8},"end":{"line":17,"column":23}},"loc":{"start":{"line":17,"column":23},"end":{"line":17,"column":83}},"line":17},"3":{"name":"(anonymous_3)","decl":{"start":{"line":17,"column":23},"end":{"line":17,"column":41}},"loc":{"start":{"line":17,"column":50},"end":{"line":17,"column":83}},"line":17},"4":{"name":"(anonymous_4)","decl":{"start":{"line":18,"column":8},"end":{"line":18,"column":24}},"loc":{"start":{"line":18,"column":24},"end":{"line":18,"column":83}},"line":18},"5":{"name":"(anonymous_5)","decl":{"start":{"line":18,"column":24},"end":{"line":18,"column":42}},"loc":{"start":{"line":18,"column":51},"end":{"line":18,"column":83}},"line":18},"6":{"name":"(anonymous_6)","decl":{"start":{"line":22,"column":17},"end":{"line":22,"column":35}},"loc":{"start":{"line":22,"column":35},"end":{"line":35,"column":6}},"line":22},"7":{"name":"(anonymous_7)","decl":{"start":{"line":27,"column":6},"end":{"line":27,"column":23}},"loc":{"start":{"line":27,"column":23},"end":{"line":33,"column":13}},"line":27},"8":{"name":"(anonymous_8)","decl":{"start":{"line":29,"column":8},"end":{"line":29,"column":23}},"loc":{"start":{"line":29,"column":28},"end":{"line":29,"column":34}},"line":29},"9":{"name":"(anonymous_9)","decl":{"start":{"line":37,"column":17},"end":{"line":37,"column":35}},"loc":{"start":{"line":37,"column":35},"end":{"line":50,"column":6}},"line":37},"10":{"name":"(anonymous_10)","decl":{"start":{"line":42,"column":6},"end":{"line":42,"column":23}},"loc":{"start":{"line":42,"column":23},"end":{"line":48,"column":13}},"line":42},"11":{"name":"(anonymous_11)","decl":{"start":{"line":44,"column":8},"end":{"line":44,"column":23}},"loc":{"start":{"line":44,"column":28},"end":{"line":44,"column":34}},"line":44},"12":{"name":"(anonymous_12)","decl":{"start":{"line":52,"column":20},"end":{"line":52,"column":33}},"loc":{"start":{"line":52,"column":47},"end":{"line":57,"column":6}},"line":52},"13":{"name":"(anonymous_13)","decl":{"start":{"line":55,"column":19},"end":{"line":55,"column":31}},"loc":{"start":{"line":55,"column":31},"end":{"line":55,"column":34}},"line":55},"14":{"name":"(anonymous_14)","decl":{"start":{"line":59,"column":22},"end":{"line":59,"column":40}},"loc":{"start":{"line":59,"column":40},"end":{"line":61,"column":7}},"line":59},"15":{"name":"(anonymous_15)","decl":{"start":{"line":60,"column":4},"end":{"line":60,"column":15}},"loc":{"start":{"line":60,"column":23},"end":{"line":60,"column":29}},"line":60}},"branchMap":{"0":{"loc":{"start":{"line":23,"column":4},"end":{"line":33,"column":null}},"type":"if","locations":[{"start":{"line":23,"column":4},"end":{"line":33,"column":null}},{"start":{},"end":{}}],"line":23},"1":{"loc":{"start":{"line":23,"column":8},"end":{"line":23,"column":53}},"type":"binary-expr","locations":[{"start":{"line":23,"column":8},"end":{"line":23,"column":40}},{"start":{"line":23,"column":40},"end":{"line":23,"column":53}}],"line":23},"2":{"loc":{"start":{"line":38,"column":4},"end":{"line":48,"column":null}},"type":"if","locations":[{"start":{"line":38,"column":4},"end":{"line":48,"column":null}},{"start":{},"end":{}}],"line":38},"3":{"loc":{"start":{"line":38,"column":8},"end":{"line":38,"column":40}},"type":"binary-expr","locations":[{"start":{"line":38,"column":8},"end":{"line":38,"column":27}},{"start":{"line":38,"column":27},"end":{"line":38,"column":40}}],"line":38},"4":{"loc":{"start":{"line":53,"column":4},"end":{"line":55,"column":null}},"type":"if","locations":[{"start":{"line":53,"column":4},"end":{"line":55,"column":null}},{"start":{},"end":{}}],"line":53}},"s":{"0":78,"1":78,"2":78,"3":78,"4":78,"5":78,"6":78,"7":78,"8":78,"9":35,"10":35,"11":0,"12":0,"13":35,"14":0,"15":0,"16":35,"17":78,"18":0,"19":0,"20":0,"21":0,"22":0,"23":0,"24":0,"25":0,"26":0,"27":0,"28":0,"29":78,"30":0,"31":0,"32":0,"33":0,"34":0,"35":0,"36":0,"37":0,"38":0,"39":0,"40":0,"41":78,"42":0,"43":0,"44":0,"45":78,"46":0,"47":0,"48":78},"f":{"0":78,"1":35,"2":0,"3":0,"4":0,"5":0,"6":0,"7":0,"8":0,"9":0,"10":0,"11":0,"12":0,"13":0,"14":0,"15":0},"b":{"0":[0,0],"1":[0,0],"2":[0,0],"3":[0,0],"4":[0,0]},"meta":{"lastBranch":5,"lastFunction":16,"lastStatement":49,"seen":{"f:4:16:4:31":0,"s:5:18:5:47":0,"s:6:22:6:51":1,"s:7:20:7:47":2,"s:8:21:8:49":3,"s:9:18:9:46":4,"s:10:21:10:53":5,"s:11:25:11:58":6,"s:13:18:13:Infinity":7,"s:15:2:20:Infinity":8,"f:15:2:15:18":1,"s:16:16:16:27":9,"s:17:4:17:Infinity":10,"f:17:8:17:23":2,"s:17:23:17:83":11,"f:17:23:17:41":3,"s:17:50:17:83":12,"s:18:4:18:Infinity":13,"f:18:8:18:24":4,"s:18:24:18:83":14,"f:18:24:18:42":5,"s:18:51:18:83":15,"s:19:4:19:Infinity":16,"s:22:8:35:31":17,"f:22:17:22:35":6,"b:23:4:33:Infinity:undefined:undefined:undefined:undefined":0,"s:23:4:33:Infinity":18,"b:23:8:23:40:23:40:23:53":1,"s:24:6:24:Infinity":19,"s:25:24:25:61":20,"s:26:6:26:Infinity":21,"s:27:6:33:Infinity":22,"f:27:6:27:23":7,"s:28:8:28:Infinity":23,"s:29:8:29:Infinity":24,"f:29:8:29:23":8,"s:29:28:29:34":25,"s:30:8:30:Infinity":26,"s:31:8:31:Infinity":27,"s:32:8:32:Infinity":28,"s:37:8:50:31":29,"f:37:17:37:35":9,"b:38:4:48:Infinity:undefined:undefined:undefined:undefined":2,"s:38:4:48:Infinity":30,"b:38:8:38:27:38:27:38:40":3,"s:39:6:39:Infinity":31,"s:40:23:40:59":32,"s:41:6:41:Infinity":33,"s:42:6:48:Infinity":34,"f:42:6:42:23":10,"s:43:8:43:Infinity":35,"s:44:8:44:Infinity":36,"f:44:8:44:23":11,"s:44:28:44:34":37,"s:45:8:45:Infinity":38,"s:46:8:46:Infinity":39,"s:47:8:47:Infinity":40,"s:52:8:57:15":41,"f:52:20:52:33":12,"b:53:4:55:Infinity:undefined:undefined:undefined:undefined":4,"s:53:4:55:Infinity":42,"s:54:20:54:55":43,"s:55:6:55:Infinity":44,"f:55:19:55:31":13,"s:59:8:61:8":45,"f:59:22:59:40":14,"s:60:4:60:Infinity":46,"f:60:4:60:15":15,"s:60:23:60:29":47,"s:63:2:82:Infinity":48}}}
}
